<?xml version="1.0" encoding="UTF-8"?>
<!-- Generated by org.testng.reporters.JUnitReportReporter -->
<testsuite hostname="DESKTOP-10U9AGL" failures="0" tests="2" name="packg.Locators" time="41.142" errors="0" timestamp="2025-07-30T08:09:05 IST" skipped="0">
  <testcase classname="packg.Locators" name="LoginTest" time="32.371"/>
  <testcase classname="packg.Locators" name="Loginvalidation" time="8.771"/>
</testsuite> <!-- packg.Locators -->
