<?xml version="1.0" encoding="UTF-8"?>
<!-- Generated by org.testng.reporters.JUnitReportReporter -->
<testsuite hostname="DESKTOP-10U9AGL" failures="0" tests="1" name="packg.SeleniumSiteTest" time="0.814" errors="0" timestamp="2025-07-17T17:23:32 PDT" skipped="0">
  <testcase classname="packg.SeleniumSiteTest" name="openSeleniumWebsite" time="0.814"/>
</testsuite> <!-- packg.SeleniumSiteTest -->
