<?xml version="1.0" encoding="UTF-8"?>
<!-- Generated by org.testng.reporters.JUnitReportReporter -->
<testsuite hostname="DESKTOP-10U9AGL" failures="0" tests="1" name="packg.SeleniumSiteTest" time="0.544" errors="0" timestamp="2025-08-03T09:39:06 IST" skipped="0">
  <testcase classname="packg.SeleniumSiteTest" name="openSeleniumWebsite" time="0.544"/>
</testsuite> <!-- packg.SeleniumSiteTest -->
