<?xml version="1.0" encoding="UTF-8"?>
<!-- Generated by org.testng.reporters.JUnitReportReporter -->
<testsuite hostname="DESKTOP-10U9AGL" failures="0" tests="2" name="packg.Locators" time="7.048" errors="0" timestamp="2025-07-18T11:59:23 PDT" skipped="0">
  <testcase classname="packg.Locators" name="Loginvalidation" time="4.603"/>
  <testcase classname="packg.Locators" name="LoginTest" time="2.445"/>
</testsuite> <!-- packg.Locators -->
