<?xml version="1.0" encoding="UTF-8"?>
<!-- Generated by org.testng.reporters.JUnitReportReporter -->
<testsuite hostname="DESKTOP-10U9AGL" failures="0" tests="1" name="com.pages.LoginTest" time="23.318" errors="0" timestamp="2025-08-02T17:55:14 IST" skipped="0">
  <testcase classname="com.pages.LoginTest" name="testValidLogin" time="23.318"/>
</testsuite> <!-- com.pages.LoginTest -->
